0 info it worked if it ends with ok
1 verbose cli [ '/usr/local/bin/node', '/usr/local/bin/npm', 'start', 'app.js' ]
2 info using npm@3.10.10
3 info using node@v6.11.0
4 verbose run-script [ 'prestart', 'start', 'poststart' ]
5 info lifecycle rts@1.0.0~prestart: rts@1.0.0
6 silly lifecycle rts@1.0.0~prestart: no script for prestart, continuing
7 info lifecycle rts@1.0.0~start: rts@1.0.0
8 verbose lifecycle rts@1.0.0~start: unsafe-perm in lifecycle true
9 verbose lifecycle rts@1.0.0~start: PATH: /usr/local/lib/node_modules/npm/bin/node-gyp-bin:/Users/nick/Documents/Real Time Solutions/Website/RTI/node_modules/.bin:/Applications/MAMP/bin/php/php7.1.1export/bin:/usr/local/sbin:/usr/local/sbin:/Users/nick/.rvm/gems/ruby-2.3.1/bin:/Users/nick/.rvm/gems/ruby-2.3.1@global/bin:/Users/nick/.rvm/rubies/ruby-2.3.1/bin:/opt/local/bin:/opt/local/sbin:/usr/local/bin:/usr/bin:/bin:/usr/sbin:/sbin:/Library/Frameworks/Mono.framework/Versions/Current/Commands:/Users/nick/.rvm/bin
10 verbose lifecycle rts@1.0.0~start: CWD: /Users/nick/Documents/Real Time Solutions/Website/RTI
11 silly lifecycle rts@1.0.0~start: Args: [ '-c', 'node server.js "app.js"' ]
12 silly lifecycle rts@1.0.0~start: Returned: code: 1  signal: null
13 info lifecycle rts@1.0.0~start: Failed to exec start script
14 verbose stack Error: rts@1.0.0 start: `node server.js "app.js"`
14 verbose stack Exit status 1
14 verbose stack     at EventEmitter.<anonymous> (/usr/local/lib/node_modules/npm/lib/utils/lifecycle.js:255:16)
14 verbose stack     at emitTwo (events.js:106:13)
14 verbose stack     at EventEmitter.emit (events.js:191:7)
14 verbose stack     at ChildProcess.<anonymous> (/usr/local/lib/node_modules/npm/lib/utils/spawn.js:40:14)
14 verbose stack     at emitTwo (events.js:106:13)
14 verbose stack     at ChildProcess.emit (events.js:191:7)
14 verbose stack     at maybeClose (internal/child_process.js:891:16)
14 verbose stack     at Process.ChildProcess._handle.onexit (internal/child_process.js:226:5)
15 verbose pkgid rts@1.0.0
16 verbose cwd /Users/nick/Documents/Real Time Solutions/Website/RTI
17 error Darwin 16.7.0
18 error argv "/usr/local/bin/node" "/usr/local/bin/npm" "start" "app.js"
19 error node v6.11.0
20 error npm  v3.10.10
21 error code ELIFECYCLE
22 error rts@1.0.0 start: `node server.js "app.js"`
22 error Exit status 1
23 error Failed at the rts@1.0.0 start script 'node server.js "app.js"'.
23 error Make sure you have the latest version of node.js and npm installed.
23 error If you do, this is most likely a problem with the rts package,
23 error not with npm itself.
23 error Tell the author that this fails on your system:
23 error     node server.js "app.js"
23 error You can get information on how to open an issue for this project with:
23 error     npm bugs rts
23 error Or if that isn't available, you can get their info via:
23 error     npm owner ls rts
23 error There is likely additional logging output above.
24 verbose exit [ 1, true ]
